\BOOKMARK [0][]{Contents.0}{Contents}{}% 1
\BOOKMARK [0][]{chapter.1}{1 Introduction}{}% 2
\BOOKMARK [1][-]{section.1.1}{1.1 The premise}{chapter.1}% 3
\BOOKMARK [1][-]{section.1.2}{1.2 document overview}{chapter.1}% 4
\BOOKMARK [0][]{chapter.2}{2 First steps}{}% 5
\BOOKMARK [1][-]{section.2.1}{2.1 Installing the development environment}{chapter.2}% 6
\BOOKMARK [2][-]{subsection.2.1.1}{2.1.1 Unreal engine requirements}{section.2.1}% 7
\BOOKMARK [1][-]{section.2.2}{2.2 Installing the unreal engine}{chapter.2}% 8
\BOOKMARK [1][-]{section.2.3}{2.3 Additional programs}{chapter.2}% 9
\BOOKMARK [1][-]{section.2.4}{2.4 Installing Blender}{chapter.2}% 10
\BOOKMARK [0][]{chapter.3}{3 Design Choices}{}% 11
\BOOKMARK [1][-]{section.3.1}{3.1 The scope of the project}{chapter.3}% 12
\BOOKMARK [2][-]{subsection.3.1.1}{3.1.1 basic considerations}{section.3.1}% 13
\BOOKMARK [2][-]{subsection.3.1.2}{3.1.2 example 1}{section.3.1}% 14
\BOOKMARK [1][-]{section.3.2}{3.2 VR specific design choices}{chapter.3}% 15
\BOOKMARK [2][-]{subsection.3.2.1}{3.2.1 Why VR?}{section.3.2}% 16
\BOOKMARK [2][-]{subsection.3.2.2}{3.2.2 The method of locomotion}{section.3.2}% 17
\BOOKMARK [0][]{chapter.4}{4 Ressources}{}% 18
\BOOKMARK [1][-]{section.4.1}{4.1 chapter overview}{chapter.4}% 19
\BOOKMARK [1][-]{section.4.2}{4.2 Book "Unreal for Mobile and Standalone VR"}{chapter.4}% 20
\BOOKMARK [0][]{chapter.5}{5 Tutorials}{}% 21
\BOOKMARK [0][]{chapter*.13}{Appendix}{}% 22
\BOOKMARK [1][-]{section.Alph0.1}{A First Appendix Section}{chapter*.13}% 23
\BOOKMARK [0][]{chapter*.14}{Bibliography}{}% 24
