mktextfm ec-lmr10+20
mktextfm ec-lmr10-20
mktextfm rm-lmr10+20
mktextfm rm-lmr10-20
mktextfm rm-lmss10+20
mktextfm rm-lmss10-20
mktextfm rm-lmr10+20
mktextfm rm-lmr10-20
mktextfm rm-lmss10+20
mktextfm rm-lmss10-20
mktextfm ec-lmss10+20
mktextfm ec-lmss10-20
mktextfm ec-lmr12+20
mktextfm ec-lmr12-20
mktextfm ec-lmr10+20
mktextfm ec-lmr10-20
mktextfm ec-lmr9+20
mktextfm ec-lmr9-20
mktextfm rm-lmr9+20
mktextfm rm-lmr9-20
mktextfm rm-lmss9+20
mktextfm rm-lmss9-20
mktextfm ec-lmri9+20
mktextfm ec-lmri9-20
mktextfm ec-lmri10+20
mktextfm ec-lmri10-20
mktextfm ec-lmr10+20
mktextfm ec-lmr10-20
mktextfm rm-lmr10+20
mktextfm rm-lmr10-20
mktextfm rm-lmss10+20
mktextfm rm-lmss10-20
mktextfm rm-lmr10+20
mktextfm rm-lmr10-20
mktextfm rm-lmss10+20
mktextfm rm-lmss10-20
mktextfm ec-lmss10+20
mktextfm ec-lmss10-20
mktextfm ec-lmr12+20
mktextfm ec-lmr12-20
mktextfm ec-lmr10+20
mktextfm ec-lmr10-20
mktextfm ec-lmr9+20
mktextfm ec-lmr9-20
mktextfm rm-lmr9+20
mktextfm rm-lmr9-20
mktextfm rm-lmss9+20
mktextfm rm-lmss9-20
mktextfm ec-lmri9+20
mktextfm ec-lmri9-20
mktextfm ec-lmri10+20
mktextfm ec-lmri10-20
mktextfm ec-lmr10+20
mktextfm ec-lmr10-20
mktextfm rm-lmr10+20
mktextfm rm-lmr10-20
mktextfm rm-lmss10+20
mktextfm rm-lmss10-20
mktextfm rm-lmr10+20
mktextfm rm-lmr10-20
mktextfm rm-lmss10+20
mktextfm rm-lmss10-20
mktextfm ec-lmss10+20
mktextfm ec-lmss10-20
mktextfm ec-lmr12+20
mktextfm ec-lmr12-20
mktextfm ec-lmri10+20
mktextfm ec-lmri10-20
mktextfm ec-lmr10+20
mktextfm ec-lmr10-20
mktextfm rm-lmr10+20
mktextfm rm-lmr10-20
mktextfm rm-lmss10+20
mktextfm rm-lmss10-20
mktextfm rm-lmr10+20
mktextfm rm-lmr10-20
mktextfm rm-lmss10+20
mktextfm rm-lmss10-20
mktextfm ec-lmss10+20
mktextfm ec-lmss10-20
mktextfm ec-lmri10+20
mktextfm ec-lmri10-20
mktextfm ec-lmr10+20
mktextfm ec-lmr10-20
mktextfm rm-lmr10+20
mktextfm rm-lmr10-20
mktextfm rm-lmss10+20
mktextfm rm-lmss10-20
mktextfm rm-lmr10+20
mktextfm rm-lmr10-20
mktextfm rm-lmss10+20
mktextfm rm-lmss10-20
mktextfm ec-lmss10+20
mktextfm ec-lmss10-20
mktextfm ec-lmr12+20
mktextfm ec-lmr12-20
mktextfm ec-lmr10+20
mktextfm ec-lmr10-20
mktextfm ec-lmr9+20
mktextfm ec-lmr9-20
mktextfm rm-lmr9+20
mktextfm rm-lmr9-20
mktextfm rm-lmss9+20
mktextfm rm-lmss9-20
mktextfm ec-lmri9+20
mktextfm ec-lmri9-20
mktextfm ec-lmri10+20
mktextfm ec-lmri10-20
mktextfm ec-lmr10+20
mktextfm ec-lmr10-20
mktextfm rm-lmr10+20
mktextfm rm-lmr10-20
mktextfm rm-lmss10+20
mktextfm rm-lmss10-20
mktextfm rm-lmr10+20
mktextfm rm-lmr10-20
mktextfm rm-lmss10+20
mktextfm rm-lmss10-20
mktextfm ec-lmr12+20
mktextfm ec-lmr12-20
mktextfm ec-lmr10+20
mktextfm ec-lmr10-20
mktextfm ec-lmr9+20
mktextfm ec-lmr9-20
mktextfm rm-lmr9+20
mktextfm rm-lmr9-20
mktextfm rm-lmss9+20
mktextfm rm-lmss9-20
mktextfm ec-lmri9+20
mktextfm ec-lmri9-20
mktextfm ec-lmri10+20
mktextfm ec-lmri10-20
mktextfm ec-lmss10+20
mktextfm ec-lmss10-20
mktextfm ecrm1095+20
mktextfm ecrm1095-20
mktextfm cmr10+20
mktextfm cmr10-20
mktextfm cmss10+20
mktextfm cmss10-20
mktextfm cmr10+20
mktextfm cmr10-20
mktextfm cmss10+20
mktextfm cmss10-20
mktextfm ecss1095+20
mktextfm ecss1095-20
mktextfm ecrm1200+20
mktextfm ecrm1200-20
mktextfm ecrm1000+20
mktextfm ecrm1000-20
mktextfm ecrm0900+20
mktextfm ecrm0900-20
mktextfm cmr9+20
mktextfm cmr9-20
mktextfm cmss9+20
mktextfm cmss9-20
mktextfm ecti0900+20
mktextfm ecti0900-20
mktextfm ecti1095+20
mktextfm ecti1095-20
mktextfm ecrm1095+20
mktextfm ecrm1095-20
mktextfm cmr10+20
mktextfm cmr10-20
mktextfm cmss10+20
mktextfm cmss10-20
mktextfm cmr10+20
mktextfm cmr10-20
mktextfm cmss10+20
mktextfm cmss10-20
mktextfm ecss1095+20
mktextfm ecss1095-20
mktextfm ecrm1200+20
mktextfm ecrm1200-20
mktextfm ecrm1000+20
mktextfm ecrm1000-20
mktextfm ecrm0900+20
mktextfm ecrm0900-20
mktextfm cmr9+20
mktextfm cmr9-20
mktextfm cmss9+20
mktextfm cmss9-20
mktextfm ecti0900+20
mktextfm ecti0900-20
mktextfm ecti1095+20
mktextfm ecti1095-20
